🔧 Running Renovate locally...

📦 Pulling latest Renovate image...
latest: Pulling from renovate/renovate
Digest: sha256:17d9a37f3dc8dec1adec5d6ab68e58d65eb3cca3f14016d35dd67f6ba19f4355
Status: Image is up to date for renovate/renovate:latest
docker.io/renovate/renovate:latest

🚀 Starting Renovate...

DEBUG: Using RE2 regex engine
DEBUG: Parsing configs
DEBUG: Checking for config file in /usr/src/app/renovate.json
 WARN: Config needs migrating
       "configType": "/usr/src/app/renovate.json",
       "originalConfig": {
         "$schema": "https://docs.renovatebot.com/renovate-schema.json",
         "extends": [
           "config:recommended",
           "customManagers:dockerfileVersions",
           "helpers:pinGitHubActionDigests"
         ],
         "labels": ["renovate-dependencies"],
         "automerge": true,
         "automergeType": "pr",
         "platformAutomerge": true,
         "rebaseWhen": "conflicted",
         "ignorePaths": [
           "**/node_modules/**",
           "**/bower_components/**",
           "**/cypress/**"
         ],
         "packageRules": [
           {
             "matchManagers": ["gomod"],
             "groupName": "All Go dependencies",
             "rangeStrategy": "bump",
             "postUpdateOptions": ["gomodUpdateImportPaths"]
           },
           {
             "matchManagers": ["github-actions"],
             "groupName": "github actions",
             "separateMajorMinor": true,
             "prPriority": 5
           },
           {"matchManagers": ["pip_requirements"], "groupName": "python dependencies"},
           {
             "matchDatasources": ["terraform-provider"],
             "groupName": "terraform providers"
           },
           {"matchDatasources": ["docker"], "groupName": "docker images"},
           {
             "matchManagers": ["regex"],
             "matchDatasources": ["docker"],
             "matchCurrentVersion": "v?\\d+\\.\\d+\\.\\d+",
             "versioning": "semver",
             "groupName": "custom docker images (semver) to {{newVersion}}",
             "commitMessageTopic": "custom docker images (semver) to {{newVersion}}",
             "commitMessageExtra": "",
             "separateMajorMinor": false
           },
           {
             "matchManagers": ["regex"],
             "matchDatasources": ["docker"],
             "versioning": "loose",
             "groupName": "custom docker images (loose) to {{newVersion}}",
             "commitMessageTopic": "custom docker images (loose) to {{newVersion}}",
             "commitMessageExtra": "",
             "separateMajorMinor": false,
             "maxMajorIncrement": 0
           }
         ],
         "customManagers": [
           {
             "customType": "regex",
             "managerFilePatterns": [
               "/.ya?ml$/",
               "/.sh$/",
               "/.json$/",
               "/.tf$/",
               "/.tfvars$/"
             ],
             "matchStrings": [
               "(?<depName>(?:[a-z0-9.-]+\\.)?[a-z0-9.-]+(?:/[a-z0-9._-]+)+):(?<currentValue>v?[0-9][a-z0-9._-]*)(?:@(?<currentDigest>sha256:[a-f0-9]+))?"
             ],
             "depNameTemplate": "{{depName}}",
             "currentValueTemplate": "{{currentValue}}",
             "datasourceTemplate": "docker"
           }
         ]
       },
       "migratedConfig": {
         "$schema": "https://docs.renovatebot.com/renovate-schema.json",
         "extends": [
           "config:recommended",
           "customManagers:dockerfileVersions",
           "helpers:pinGitHubActionDigests"
         ],
         "labels": ["renovate-dependencies"],
         "automerge": true,
         "automergeType": "pr",
         "platformAutomerge": true,
         "rebaseWhen": "conflicted",
         "ignorePaths": [
           "**/node_modules/**",
           "**/bower_components/**",
           "**/cypress/**"
         ],
         "packageRules": [
           {
             "matchManagers": ["gomod"],
             "groupName": "All Go dependencies",
             "rangeStrategy": "bump",
             "postUpdateOptions": ["gomodUpdateImportPaths"]
           },
           {
             "matchManagers": ["github-actions"],
             "groupName": "github actions",
             "separateMajorMinor": true,
             "prPriority": 5
           },
           {"matchManagers": ["pip_requirements"], "groupName": "python dependencies"},
           {
             "matchDatasources": ["terraform-provider"],
             "groupName": "terraform providers"
           },
           {"matchDatasources": ["docker"], "groupName": "docker images"},
           {
             "matchManagers": ["custom.regex"],
             "matchDatasources": ["docker"],
             "matchCurrentVersion": "v?\\d+\\.\\d+\\.\\d+",
             "versioning": "semver",
             "groupName": "custom docker images (semver) to {{newVersion}}",
             "commitMessageTopic": "custom docker images (semver) to {{newVersion}}",
             "commitMessageExtra": "",
             "separateMajorMinor": false
           },
           {
             "matchManagers": ["custom.regex"],
             "matchDatasources": ["docker"],
             "versioning": "loose",
             "groupName": "custom docker images (loose) to {{newVersion}}",
             "commitMessageTopic": "custom docker images (loose) to {{newVersion}}",
             "commitMessageExtra": "",
             "separateMajorMinor": false,
             "maxMajorIncrement": 0
           }
         ],
         "customManagers": [
           {
             "customType": "regex",
             "managerFilePatterns": [
               "/.ya?ml$/",
               "/.sh$/",
               "/.json$/",
               "/.tf$/",
               "/.tfvars$/"
             ],
             "matchStrings": [
               "(?<depName>(?:[a-z0-9.-]+\\.)?[a-z0-9.-]+(?:/[a-z0-9._-]+)+):(?<currentValue>v?[0-9][a-z0-9._-]*)(?:@(?<currentDigest>sha256:[a-f0-9]+))?"
             ],
             "depNameTemplate": "{{depName}}",
             "currentValueTemplate": "{{currentValue}}",
             "datasourceTemplate": "docker"
           }
         ]
       }
DEBUG: No additional config file found specified - skipping
DEBUG: File config
       "config": {
         "$schema": "https://docs.renovatebot.com/renovate-schema.json",
         "extends": [
           "config:recommended",
           "customManagers:dockerfileVersions",
           "helpers:pinGitHubActionDigests"
         ],
         "labels": ["renovate-dependencies"],
         "automerge": true,
         "automergeType": "pr",
         "platformAutomerge": true,
         "rebaseWhen": "conflicted",
         "ignorePaths": [
           "**/node_modules/**",
           "**/bower_components/**",
           "**/cypress/**"
         ],
         "packageRules": [
           {
             "matchManagers": ["gomod"],
             "groupName": "All Go dependencies",
             "rangeStrategy": "bump",
             "postUpdateOptions": ["gomodUpdateImportPaths"]
           },
           {
             "matchManagers": ["github-actions"],
             "groupName": "github actions",
             "separateMajorMinor": true,
             "prPriority": 5
           },
           {"matchManagers": ["pip_requirements"], "groupName": "python dependencies"},
           {
             "matchDatasources": ["terraform-provider"],
             "groupName": "terraform providers"
           },
           {"matchDatasources": ["docker"], "groupName": "docker images"},
           {
             "matchManagers": ["custom.regex"],
             "matchDatasources": ["docker"],
             "matchCurrentVersion": "v?\\d+\\.\\d+\\.\\d+",
             "versioning": "semver",
             "groupName": "custom docker images (semver) to {{newVersion}}",
             "commitMessageTopic": "custom docker images (semver) to {{newVersion}}",
             "commitMessageExtra": "",
             "separateMajorMinor": false
           },
           {
             "matchManagers": ["custom.regex"],
             "matchDatasources": ["docker"],
             "versioning": "loose",
             "groupName": "custom docker images (loose) to {{newVersion}}",
             "commitMessageTopic": "custom docker images (loose) to {{newVersion}}",
             "commitMessageExtra": "",
             "separateMajorMinor": false,
             "maxMajorIncrement": 0
           }
         ],
         "customManagers": [
           {
             "customType": "regex",
             "managerFilePatterns": [
               "/.ya?ml$/",
               "/.sh$/",
               "/.json$/",
               "/.tf$/",
               "/.tfvars$/"
             ],
             "matchStrings": [
               "(?<depName>(?:[a-z0-9.-]+\\.)?[a-z0-9.-]+(?:/[a-z0-9._-]+)+):(?<currentValue>v?[0-9][a-z0-9._-]*)(?:@(?<currentDigest>sha256:[a-f0-9]+))?"
             ],
             "depNameTemplate": "{{depName}}",
             "currentValueTemplate": "{{currentValue}}",
             "datasourceTemplate": "docker"
           }
         ]
       }
DEBUG: Additional file config
       "config": {}
DEBUG: CLI config
       "config": {"detectHostRulesFromEnv": false, "dryRun": "full", "platform": "local"}
DEBUG: Env config
       "config": {"hostRules": []}
DEBUG: Resolved global extends
       "config": undefined
DEBUG: Combined config
       "config": {
         "$schema": "https://docs.renovatebot.com/renovate-schema.json",
         "extends": [
           "config:recommended",
           "customManagers:dockerfileVersions",
           "helpers:pinGitHubActionDigests"
         ],
         "labels": ["renovate-dependencies"],
         "automerge": true,
         "automergeType": "pr",
         "platformAutomerge": true,
         "rebaseWhen": "conflicted",
         "ignorePaths": [
           "**/node_modules/**",
           "**/bower_components/**",
           "**/cypress/**"
         ],
         "packageRules": [
           {
             "matchManagers": ["gomod"],
             "groupName": "All Go dependencies",
             "rangeStrategy": "bump",
             "postUpdateOptions": ["gomodUpdateImportPaths"]
           },
           {
             "matchManagers": ["github-actions"],
             "groupName": "github actions",
             "separateMajorMinor": true,
             "prPriority": 5
           },
           {"matchManagers": ["pip_requirements"], "groupName": "python dependencies"},
           {
             "matchDatasources": ["terraform-provider"],
             "groupName": "terraform providers"
           },
           {"matchDatasources": ["docker"], "groupName": "docker images"},
           {
             "matchManagers": ["custom.regex"],
             "matchDatasources": ["docker"],
             "matchCurrentVersion": "v?\\d+\\.\\d+\\.\\d+",
             "versioning": "semver",
             "groupName": "custom docker images (semver) to {{newVersion}}",
             "commitMessageTopic": "custom docker images (semver) to {{newVersion}}",
             "commitMessageExtra": "",
             "separateMajorMinor": false
           },
           {
             "matchManagers": ["custom.regex"],
             "matchDatasources": ["docker"],
             "versioning": "loose",
             "groupName": "custom docker images (loose) to {{newVersion}}",
             "commitMessageTopic": "custom docker images (loose) to {{newVersion}}",
             "commitMessageExtra": "",
             "separateMajorMinor": false,
             "maxMajorIncrement": 0
           }
         ],
         "customManagers": [
           {
             "customType": "regex",
             "managerFilePatterns": [
               "/.ya?ml$/",
               "/.sh$/",
               "/.json$/",
               "/.tf$/",
               "/.tfvars$/"
             ],
             "matchStrings": [
               "(?<depName>(?:[a-z0-9.-]+\\.)?[a-z0-9.-]+(?:/[a-z0-9._-]+)+):(?<currentValue>v?[0-9][a-z0-9._-]*)(?:@(?<currentDigest>sha256:[a-f0-9]+))?"
             ],
             "depNameTemplate": "{{depName}}",
             "currentValueTemplate": "{{currentValue}}",
             "datasourceTemplate": "docker"
           }
         ],
         "hostRules": [],
         "detectHostRulesFromEnv": false,
         "dryRun": "full",
         "platform": "local"
       }
DEBUG: Enabling forkProcessing while in non-autodiscover mode
DEBUG: Enabling onboardingNoDeps while in non-autodiscover mode
DEBUG: Found valid git version: 2.52.0
DEBUG: Setting global hostRules
DEBUG: Using baseDir: /tmp/renovate
DEBUG: Using cacheDir: /tmp/renovate/cache
DEBUG: Using containerbaseDir: /tmp/renovate/cache/containerbase
DEBUG: Initializing Renovate internal cache into /tmp/renovate/cache/renovate/renovate-cache-v1
DEBUG: Commits limit = null
DEBUG: Setting global hostRules
DEBUG: validatePresets()
DEBUG: Reinitializing hostRules for repo
DEBUG: Clearing hostRules
 INFO: Repository started (repository=local)
       "renovateVersion": "43.8.2"
DEBUG: Using localDir: /usr/src/app (repository=local)
DEBUG: PackageFiles.clear() - Package files deleted (repository=local)
DEBUG: Resetting npmrc (repository=local)
DEBUG: Resetting npmrc (repository=local)
DEBUG: checkOnboarding() (repository=local)
DEBUG: isOnboarded() (repository=local)
DEBUG: findFile(renovate.json) (repository=local)
DEBUG: Got file list using git (repository=local)
DEBUG: Config file exists, fileName: renovate.json (repository=local)
DEBUG: Repo is onboarded (repository=local)
DEBUG: Got file list using git (repository=local)
DEBUG: Found renovate.json config file (repository=local)
DEBUG: Repository config (repository=local)
       "fileName": "renovate.json",
       "config": {
         "$schema": "https://docs.renovatebot.com/renovate-schema.json",
         "extends": [
           "config:recommended",
           "customManagers:dockerfileVersions",
           "helpers:pinGitHubActionDigests"
         ],
         "labels": ["renovate-dependencies"],
         "automerge": true,
         "automergeType": "pr",
         "platformAutomerge": true,
         "rebaseWhen": "conflicted",
         "ignorePaths": [
           "**/node_modules/**",
           "**/bower_components/**",
           "**/cypress/**"
         ],
         "packageRules": [
           {
             "matchManagers": ["gomod"],
             "groupName": "All Go dependencies",
             "rangeStrategy": "bump",
             "postUpdateOptions": ["gomodUpdateImportPaths"]
           },
           {
             "matchManagers": ["github-actions"],
             "groupName": "github actions",
             "separateMajorMinor": true,
             "prPriority": 5
           },
           {"matchManagers": ["pip_requirements"], "groupName": "python dependencies"},
           {
             "matchDatasources": ["terraform-provider"],
             "groupName": "terraform providers"
           },
           {"matchDatasources": ["docker"], "groupName": "docker images"},
           {
             "matchManagers": ["regex"],
             "matchDatasources": ["docker"],
             "matchCurrentVersion": "v?\\d+\\.\\d+\\.\\d+",
             "versioning": "semver",
             "groupName": "custom docker images (semver) to {{newVersion}}",
             "commitMessageTopic": "custom docker images (semver) to {{newVersion}}",
             "commitMessageExtra": "",
             "separateMajorMinor": false
           },
           {
             "matchManagers": ["regex"],
             "matchDatasources": ["docker"],
             "versioning": "loose",
             "groupName": "custom docker images (loose) to {{newVersion}}",
             "commitMessageTopic": "custom docker images (loose) to {{newVersion}}",
             "commitMessageExtra": "",
             "separateMajorMinor": false,
             "maxMajorIncrement": 0
           }
         ],
         "customManagers": [
           {
             "customType": "regex",
             "managerFilePatterns": [
               "/.ya?ml$/",
               "/.sh$/",
               "/.json$/",
               "/.tf$/",
               "/.tfvars$/"
             ],
             "matchStrings": [
               "(?<depName>(?:[a-z0-9.-]+\\.)?[a-z0-9.-]+(?:/[a-z0-9._-]+)+):(?<currentValue>v?[0-9][a-z0-9._-]*)(?:@(?<currentDigest>sha256:[a-f0-9]+))?"
             ],
             "depNameTemplate": "{{depName}}",
             "currentValueTemplate": "{{currentValue}}",
             "datasourceTemplate": "docker"
           }
         ]
       }
DEBUG: migrateAndValidate() (repository=local)
DEBUG: Config migration necessary (repository=local)
       "oldConfig": {
         "$schema": "https://docs.renovatebot.com/renovate-schema.json",
         "extends": [
           "config:recommended",
           "customManagers:dockerfileVersions",
           "helpers:pinGitHubActionDigests",
           "config:recommended",
           "customManagers:dockerfileVersions",
           "helpers:pinGitHubActionDigests"
         ],
         "labels": ["renovate-dependencies"],
         "automerge": true,
         "automergeType": "pr",
         "platformAutomerge": true,
         "rebaseWhen": "conflicted",
         "ignorePaths": [
           "**/node_modules/**",
           "**/bower_components/**",
           "**/cypress/**"
         ],
         "packageRules": [
           {
             "matchManagers": ["gomod"],
             "groupName": "All Go dependencies",
             "rangeStrategy": "bump",
             "postUpdateOptions": ["gomodUpdateImportPaths"]
           },
           {
             "matchManagers": ["github-actions"],
             "groupName": "github actions",
             "separateMajorMinor": true,
             "prPriority": 5
           },
           {"matchManagers": ["pip_requirements"], "groupName": "python dependencies"},
           {
             "matchDatasources": ["terraform-provider"],
             "groupName": "terraform providers"
           },
           {"matchDatasources": ["docker"], "groupName": "docker images"},
           {
             "matchManagers": ["regex"],
             "matchDatasources": ["docker"],
             "matchCurrentVersion": "v?\\d+\\.\\d+\\.\\d+",
             "versioning": "semver",
             "groupName": "custom docker images (semver) to {{newVersion}}",
             "commitMessageTopic": "custom docker images (semver) to {{newVersion}}",
             "commitMessageExtra": "",
             "separateMajorMinor": false
           },
           {
             "matchManagers": ["regex"],
             "matchDatasources": ["docker"],
             "versioning": "loose",
             "groupName": "custom docker images (loose) to {{newVersion}}",
             "commitMessageTopic": "custom docker images (loose) to {{newVersion}}",
             "commitMessageExtra": "",
             "separateMajorMinor": false,
             "maxMajorIncrement": 0
           }
         ],
         "customManagers": [
           {
             "customType": "regex",
             "managerFilePatterns": [
               "/.ya?ml$/",
               "/.sh$/",
               "/.json$/",
               "/.tf$/",
               "/.tfvars$/"
             ],
             "matchStrings": [
               "(?<depName>(?:[a-z0-9.-]+\\.)?[a-z0-9.-]+(?:/[a-z0-9._-]+)+):(?<currentValue>v?[0-9][a-z0-9._-]*)(?:@(?<currentDigest>sha256:[a-f0-9]+))?"
             ],
             "depNameTemplate": "{{depName}}",
             "currentValueTemplate": "{{currentValue}}",
             "datasourceTemplate": "docker"
           }
         ]
       },
       "newConfig": {
         "$schema": "https://docs.renovatebot.com/renovate-schema.json",
         "extends": [
           "config:recommended",
           "customManagers:dockerfileVersions",
           "helpers:pinGitHubActionDigests",
           "config:recommended",
           "customManagers:dockerfileVersions",
           "helpers:pinGitHubActionDigests"
         ],
         "labels": ["renovate-dependencies"],
         "automerge": true,
         "automergeType": "pr",
         "platformAutomerge": true,
         "rebaseWhen": "conflicted",
         "ignorePaths": [
           "**/node_modules/**",
           "**/bower_components/**",
           "**/cypress/**"
         ],
         "packageRules": [
           {
             "matchManagers": ["gomod"],
             "groupName": "All Go dependencies",
             "rangeStrategy": "bump",
             "postUpdateOptions": ["gomodUpdateImportPaths"]
           },
           {
             "matchManagers": ["github-actions"],
             "groupName": "github actions",
             "separateMajorMinor": true,
             "prPriority": 5
           },
           {"matchManagers": ["pip_requirements"], "groupName": "python dependencies"},
           {
             "matchDatasources": ["terraform-provider"],
             "groupName": "terraform providers"
           },
           {"matchDatasources": ["docker"], "groupName": "docker images"},
           {
             "matchManagers": ["custom.regex"],
             "matchDatasources": ["docker"],
             "matchCurrentVersion": "v?\\d+\\.\\d+\\.\\d+",
             "versioning": "semver",
             "groupName": "custom docker images (semver) to {{newVersion}}",
             "commitMessageTopic": "custom docker images (semver) to {{newVersion}}",
             "commitMessageExtra": "",
             "separateMajorMinor": false
           },
           {
             "matchManagers": ["custom.regex"],
             "matchDatasources": ["docker"],
             "versioning": "loose",
             "groupName": "custom docker images (loose) to {{newVersion}}",
             "commitMessageTopic": "custom docker images (loose) to {{newVersion}}",
             "commitMessageExtra": "",
             "separateMajorMinor": false,
             "maxMajorIncrement": 0
           }
         ],
         "customManagers": [
           {
             "customType": "regex",
             "managerFilePatterns": [
               "/.ya?ml$/",
               "/.sh$/",
               "/.json$/",
               "/.tf$/",
               "/.tfvars$/"
             ],
             "matchStrings": [
               "(?<depName>(?:[a-z0-9.-]+\\.)?[a-z0-9.-]+(?:/[a-z0-9._-]+)+):(?<currentValue>v?[0-9][a-z0-9._-]*)(?:@(?<currentDigest>sha256:[a-f0-9]+))?"
             ],
             "depNameTemplate": "{{depName}}",
             "currentValueTemplate": "{{currentValue}}",
             "datasourceTemplate": "docker"
           }
         ]
       }
DEBUG: Post-massage config (repository=local)
       "config": {
         "$schema": "https://docs.renovatebot.com/renovate-schema.json",
         "extends": [
           "config:recommended",
           "customManagers:dockerfileVersions",
           "helpers:pinGitHubActionDigests",
           "config:recommended",
           "customManagers:dockerfileVersions",
           "helpers:pinGitHubActionDigests"
         ],
         "labels": ["renovate-dependencies"],
         "automerge": true,
         "automergeType": "pr",
         "platformAutomerge": true,
         "rebaseWhen": "conflicted",
         "ignorePaths": [
           "**/node_modules/**",
           "**/bower_components/**",
           "**/cypress/**"
         ],
         "packageRules": [
           {
             "matchManagers": ["gomod"],
             "groupName": "All Go dependencies",
             "rangeStrategy": "bump",
             "postUpdateOptions": ["gomodUpdateImportPaths"]
           },
           {
             "matchManagers": ["github-actions"],
             "groupName": "github actions",
             "separateMajorMinor": true,
             "prPriority": 5
           },
           {"matchManagers": ["pip_requirements"], "groupName": "python dependencies"},
           {
             "matchDatasources": ["terraform-provider"],
             "groupName": "terraform providers"
           },
           {"matchDatasources": ["docker"], "groupName": "docker images"},
           {
             "matchManagers": ["custom.regex"],
             "matchDatasources": ["docker"],
             "matchCurrentVersion": "v?\\d+\\.\\d+\\.\\d+",
             "versioning": "semver",
             "groupName": "custom docker images (semver) to {{newVersion}}",
             "commitMessageTopic": "custom docker images (semver) to {{newVersion}}",
             "commitMessageExtra": "",
             "separateMajorMinor": false
           },
           {
             "matchManagers": ["custom.regex"],
             "matchDatasources": ["docker"],
             "versioning": "loose",
             "groupName": "custom docker images (loose) to {{newVersion}}",
             "commitMessageTopic": "custom docker images (loose) to {{newVersion}}",
             "commitMessageExtra": "",
             "separateMajorMinor": false,
             "maxMajorIncrement": 0
           }
         ],
         "customManagers": [
           {
             "customType": "regex",
             "managerFilePatterns": [
               "/.ya?ml$/",
               "/.sh$/",
               "/.json$/",
               "/.tf$/",
               "/.tfvars$/"
             ],
             "matchStrings": [
               "(?<depName>(?:[a-z0-9.-]+\\.)?[a-z0-9.-]+(?:/[a-z0-9._-]+)+):(?<currentValue>v?[0-9][a-z0-9._-]*)(?:@(?<currentDigest>sha256:[a-f0-9]+))?"
             ],
             "depNameTemplate": "{{depName}}",
             "currentValueTemplate": "{{currentValue}}",
             "datasourceTemplate": "docker"
           }
         ]
       }
DEBUG: Found repo ignorePaths (repository=local)
       "ignorePaths": ["**/node_modules/**", "**/bower_components/**", "**/cypress/**"]
DEBUG: No vulnerability alerts found (repository=local)
DEBUG: No baseBranches (repository=local)
DEBUG: extract() (repository=local)
DEBUG: Got file list using git (repository=local)
DEBUG: Using file pattern: /(^|/)tasks/[^/]+\.ya?ml$/ for manager ansible (repository=local)
DEBUG: Using file pattern: /(^|/)(galaxy|requirements)(\.ansible)?\.ya?ml$/ for manager ansible-galaxy (repository=local)
DEBUG: Using file pattern: /(^|/)\.tool-versions$/ for manager asdf (repository=local)
DEBUG: Using file pattern: /(^|/).azuredevops/.+\.ya?ml$/ for manager azure-pipelines (repository=local)
DEBUG: Using file pattern: /azure.*pipelines?.*\.ya?ml$/ for manager azure-pipelines (repository=local)
DEBUG: Using file pattern: /(^|/)batect(-bundle)?\.ya?ml$/ for manager batect (repository=local)
DEBUG: Using file pattern: /(^|/)batect$/ for manager batect-wrapper (repository=local)
DEBUG: Using file pattern: /(^|/)WORKSPACE(|\.bazel|\.bzlmod)$/ for manager bazel (repository=local)
DEBUG: Using file pattern: /\.WORKSPACE\.bazel$/ for manager bazel (repository=local)
DEBUG: Using file pattern: /\.bzl$/ for manager bazel (repository=local)
DEBUG: Using file pattern: /(^|/|\.)MODULE\.bazel$/ for manager bazel-module (repository=local)
DEBUG: Using file pattern: /(^|/)\.bazelversion$/ for manager bazelisk (repository=local)
DEBUG: Using file pattern: /\.bicep$/ for manager bicep (repository=local)
DEBUG: Using file pattern: /(^|/)\.?bitbucket-pipelines\.ya?ml$/ for manager bitbucket-pipelines (repository=local)
DEBUG: Using file pattern: /(^|/)bitrise\.ya?ml$/ for manager bitrise (repository=local)
DEBUG: Using file pattern: /buildkite\.ya?ml/ for manager buildkite (repository=local)
DEBUG: Using file pattern: /\.buildkite/.+\.ya?ml$/ for manager buildkite (repository=local)
DEBUG: Using file pattern: /(^|/)project\.toml$/ for manager buildpacks (repository=local)
DEBUG: Using file pattern: /(^|/)bun\.lockb?$/ for manager bun (repository=local)
DEBUG: Using file pattern: /(^|/)package\.json$/ for manager bun (repository=local)
DEBUG: Using file pattern: /(^|/)\.bun-version$/ for manager bun-version (repository=local)
DEBUG: Using file pattern: /(^|/)Gemfile$/ for manager bundler (repository=local)
DEBUG: Using file pattern: /\.cake$/ for manager cake (repository=local)
DEBUG: Using file pattern: /(^|/)Cargo\.toml$/ for manager cargo (repository=local)
DEBUG: Using file pattern: /(^|/)\.circleci/.+\.ya?ml$/ for manager circleci (repository=local)
DEBUG: Using file pattern: /(^|/)cloudbuild\.ya?ml/ for manager cloudbuild (repository=local)
DEBUG: Using file pattern: /(^|/)Podfile$/ for manager cocoapods (repository=local)
DEBUG: Using file pattern: /(^|/)([\w-]*)composer\.json$/ for manager composer (repository=local)
DEBUG: Using file pattern: /(^|/)conanfile\.(txt|py)$/ for manager conan (repository=local)
DEBUG: Using file pattern: /(^|/)\.copier-answers(\..+)?\.ya?ml/ for manager copier (repository=local)
DEBUG: Using file pattern: /(^|/)cpanfile$/ for manager cpanfile (repository=local)
DEBUG: Using file pattern: /^\.crow(?:/[^/]+)?\.ya?ml$/ for manager crow (repository=local)
DEBUG: Using file pattern: /(^|/)(?:deps|bb)\.edn$/ for manager deps-edn (repository=local)
DEBUG: Using file pattern: /(^|/)devbox\.json$/ for manager devbox (repository=local)
DEBUG: Using file pattern: /^.devcontainer/devcontainer.json$/ for manager devcontainer (repository=local)
DEBUG: Using file pattern: /^.devcontainer.json$/ for manager devcontainer (repository=local)
DEBUG: Using file pattern: /(^|/)(?:docker-)?compose[^/]*\.ya?ml$/ for manager docker-compose (repository=local)
DEBUG: Using file pattern: /(^|/|\.)([Dd]ocker|[Cc]ontainer)file$/ for manager dockerfile (repository=local)
DEBUG: Using file pattern: /(^|/)([Dd]ocker|[Cc]ontainer)file[^/]*$/ for manager dockerfile (repository=local)
DEBUG: Using file pattern: /(^|/)\.drone\.yml$/ for manager droneci (repository=local)
DEBUG: Using file pattern: /(^|/)fleet\.ya?ml/ for manager fleet (repository=local)
DEBUG: Using file pattern: /(?:^|/)gotk-components\.ya?ml$/ for manager flux (repository=local)
DEBUG: Using file pattern: /(^|/)\.fvm/fvm_config\.json$/ for manager fvm (repository=local)
DEBUG: Using file pattern: /(^|/)\.fvmrc$/ for manager fvm (repository=local)
DEBUG: Using file pattern: /(^|/)\.gitmodules$/ for manager git-submodules (repository=local)
DEBUG: Using file pattern: /(^|/)(workflow-templates|\.(?:github|gitea|forgejo)/(?:workflows|actions))/.+\.ya?ml$/ for manager github-actions (repository=local)
DEBUG: Using file pattern: /(^|/)action\.ya?ml$/ for manager github-actions (repository=local)
DEBUG: Using file pattern: /\.gitlab-ci\.ya?ml$/ for manager gitlabci (repository=local)
DEBUG: Using file pattern: /\.gitlab-ci\.ya?ml$/ for manager gitlabci-include (repository=local)
DEBUG: Using file pattern: /(^|/)gleam.toml$/ for manager gleam (repository=local)
DEBUG: Using file pattern: /(^|/)go\.mod$/ for manager gomod (repository=local)
DEBUG: Using file pattern: /\.gradle(\.kts)?$/ for manager gradle (repository=local)
DEBUG: Using file pattern: /(^|/)gradle\.properties$/ for manager gradle (repository=local)
DEBUG: Using file pattern: /(^|/)gradle/.+\.toml$/ for manager gradle (repository=local)
DEBUG: Using file pattern: /(^|/)buildSrc/.+\.kt$/ for manager gradle (repository=local)
DEBUG: Using file pattern: /\.versions\.toml$/ for manager gradle (repository=local)
DEBUG: Using file pattern: /(^|/)versions.props$/ for manager gradle (repository=local)
DEBUG: Using file pattern: /(^|/)versions.lock$/ for manager gradle (repository=local)
DEBUG: Using file pattern: /(^|/)gradle/wrapper/gradle-wrapper\.properties$/ for manager gradle-wrapper (repository=local)
DEBUG: Using file pattern: /\.cabal$/ for manager haskell-cabal (repository=local)
DEBUG: Using file pattern: /(^|/)requirements\.ya?ml$/ for manager helm-requirements (repository=local)
DEBUG: Using file pattern: /(^|/)values\.ya?ml$/ for manager helm-values (repository=local)
DEBUG: Using file pattern: /(^|/)helmfile\.ya?ml(?:\.gotmpl)?$/ for manager helmfile (repository=local)
DEBUG: Using file pattern: /(^|/)helmfile\.d/.+\.ya?ml(?:\.gotmpl)?$/ for manager helmfile (repository=local)
DEBUG: Using file pattern: /(^|/)Chart\.ya?ml$/ for manager helmv3 (repository=local)
DEBUG: Using file pattern: /(^|/)bin/hermit$/ for manager hermit (repository=local)
DEBUG: Using file pattern: /^Formula/[^/]+[.]rb$/ for manager homebrew (repository=local)
DEBUG: Using file pattern: /\.html?$/ for manager html (repository=local)
DEBUG: Using file pattern: /(^|/)plugins\.(txt|ya?ml)$/ for manager jenkins (repository=local)
DEBUG: Using file pattern: /(^|/)jsonnetfile\.json$/ for manager jsonnet-bundler (repository=local)
DEBUG: Using file pattern: /^.+\.main\.kts$/ for manager kotlin-script (repository=local)
DEBUG: Using file pattern: /(^|/)kustomization\.ya?ml$/ for manager kustomize (repository=local)
DEBUG: Using file pattern: /(^|/)project\.clj$/ for manager leiningen (repository=local)
DEBUG: Using file pattern: /(^|/|\.)pom\.xml$/ for manager maven (repository=local)
DEBUG: Using file pattern: /^(((\.mvn)|(\.m2))/)?settings\.xml$/ for manager maven (repository=local)
DEBUG: Using file pattern: /(^|/)\.mvn/extensions\.xml$/ for manager maven (repository=local)
DEBUG: Using file pattern: /(^|\/).mvn/wrapper/maven-wrapper.properties$/ for manager maven-wrapper (repository=local)
DEBUG: Using file pattern: /(^|\/)mvnw(.cmd)?$/ for manager maven-wrapper (repository=local)
DEBUG: Using file pattern: /(^|/)package\.js$/ for manager meteor (repository=local)
DEBUG: Using file pattern: /(^|/)Mintfile$/ for manager mint (repository=local)
DEBUG: Using file pattern: **/{,.}mise{,.*}.toml for manager mise (repository=local)
DEBUG: Using file pattern: **/{,.}mise/config{,.*}.toml for manager mise (repository=local)
DEBUG: Using file pattern: **/.config/mise{,.*}.toml for manager mise (repository=local)
DEBUG: Using file pattern: **/.config/mise/{mise,config}{,.*}.toml for manager mise (repository=local)
DEBUG: Using file pattern: **/.config/mise/conf.d/*.toml for manager mise (repository=local)
DEBUG: Using file pattern: **/.rtx{,.*}.toml for manager mise (repository=local)
DEBUG: Using file pattern: /(^|/)mix\.exs$/ for manager mix (repository=local)
DEBUG: Using file pattern: /(^|/)flake\.nix$/ for manager nix (repository=local)
DEBUG: Using file pattern: /(^|/)\.node-version$/ for manager nodenv (repository=local)
DEBUG: Using file pattern: /(^|/)package\.json$/ for manager npm (repository=local)
DEBUG: Using file pattern: /(^|/)pnpm-workspace\.yaml$/ for manager npm (repository=local)
DEBUG: Using file pattern: /(^|/)\.yarnrc\.yml$/ for manager npm (repository=local)
DEBUG: Using file pattern: /\.(?:cs|fs|vb)proj$/ for manager nuget (repository=local)
DEBUG: Using file pattern: /\.(?:props|targets)$/ for manager nuget (repository=local)
DEBUG: Using file pattern: /(^|/)dotnet-tools\.json$/ for manager nuget (repository=local)
DEBUG: Using file pattern: /(^|/)global\.json$/ for manager nuget (repository=local)
DEBUG: Using file pattern: /(^|/)\.nvmrc$/ for manager nvm (repository=local)
DEBUG: Using file pattern: /(^|/)src/main/features/.+\.json$/ for manager osgi (repository=local)
DEBUG: Using file pattern: /(^|/)pyproject\.toml$/ for manager pep621 (repository=local)
DEBUG: Using file pattern: /(^|/)[\w-]*requirements([-.]\w+)?\.(txt|pip)$/ for manager pip_requirements (repository=local)
DEBUG: Using file pattern: /(^|/)setup\.py$/ for manager pip_setup (repository=local)
DEBUG: Using file pattern: /(^|/)Pipfile$/ for manager pipenv (repository=local)
DEBUG: Using file pattern: /(^|/)pyproject\.toml$/ for manager pixi (repository=local)
DEBUG: Using file pattern: /(^|/)pixi\.toml$/ for manager pixi (repository=local)
DEBUG: Using file pattern: /(^|/)pyproject\.toml$/ for manager poetry (repository=local)
DEBUG: Using file pattern: /(^|/)\.pre-commit-config\.ya?ml$/ for manager pre-commit (repository=local)
DEBUG: Using file pattern: /(^|/)pubspec\.ya?ml$/ for manager pub (repository=local)
DEBUG: Using file pattern: /(^|/)Puppetfile$/ for manager puppet (repository=local)
DEBUG: Using file pattern: /(^|/)\.python-version$/ for manager pyenv (repository=local)
DEBUG: Using file pattern: /.+\.container$/ for manager quadlet (repository=local)
DEBUG: Using file pattern: /.+\.image$/ for manager quadlet (repository=local)
DEBUG: Using file pattern: /.+\.volume$/ for manager quadlet (repository=local)
DEBUG: Using file pattern: renovate.json for manager renovate-config-presets (repository=local)
DEBUG: Using file pattern: renovate.json5 for manager renovate-config-presets (repository=local)
DEBUG: Using file pattern: .github/renovate.json for manager renovate-config-presets (repository=local)
DEBUG: Using file pattern: .github/renovate.json5 for manager renovate-config-presets (repository=local)
DEBUG: Using file pattern: .gitlab/renovate.json for manager renovate-config-presets (repository=local)
DEBUG: Using file pattern: .gitlab/renovate.json5 for manager renovate-config-presets (repository=local)
DEBUG: Using file pattern: .renovaterc for manager renovate-config-presets (repository=local)
DEBUG: Using file pattern: .renovaterc.json for manager renovate-config-presets (repository=local)
DEBUG: Using file pattern: .renovaterc.json5 for manager renovate-config-presets (repository=local)
DEBUG: Using file pattern: /(^|/)\.ruby-version$/ for manager ruby-version (repository=local)
DEBUG: Using file pattern: /(^|/)runtime.txt$/ for manager runtime-version (repository=local)
DEBUG: Using file pattern: /\.sbt$/ for manager sbt (repository=local)
DEBUG: Using file pattern: /project/[^/]*\.scala$/ for manager sbt (repository=local)
DEBUG: Using file pattern: /project/build\.properties$/ for manager sbt (repository=local)
DEBUG: Using file pattern: /(^|/)repositories$/ for manager sbt (repository=local)
DEBUG: Using file pattern: /(^|/)\.scalafmt.conf$/ for manager scalafmt (repository=local)
DEBUG: Using file pattern: /(^|/)setup\.cfg$/ for manager setup-cfg (repository=local)
DEBUG: Using file pattern: /(^|/)Package\.swift/ for manager swift (repository=local)
DEBUG: Using file pattern: **/*.tf for manager terraform (repository=local)
DEBUG: Using file pattern: **/*.tofu for manager terraform (repository=local)
DEBUG: Using file pattern: /(^|/)\.terraform-version$/ for manager terraform-version (repository=local)
DEBUG: Using file pattern: /(^|/)terragrunt\.hcl$/ for manager terragrunt (repository=local)
DEBUG: Using file pattern: /(^|/)\.terragrunt-version$/ for manager terragrunt-version (repository=local)
DEBUG: Using file pattern: /\.tflint\.hcl$/ for manager tflint-plugin (repository=local)
DEBUG: Using file pattern: /^\.travis\.ya?ml$/ for manager travis (repository=local)
DEBUG: Using file pattern: /\.typ$/ for manager typst (repository=local)
DEBUG: Using file pattern: **/ProjectSettings/ProjectVersion.txt for manager unity3d (repository=local)
DEBUG: Using file pattern: /(^|/)\.vela\.ya?ml$/ for manager velaci (repository=local)
DEBUG: Using file pattern: /(^|/)vendir\.yml$/ for manager vendir (repository=local)
DEBUG: Using file pattern: /^\.woodpecker(?:/[^/]+)?\.ya?ml$/ for manager woodpecker (repository=local)
DEBUG: Using file pattern: /.ya?ml$/ for manager regex (repository=local)
DEBUG: Using file pattern: /.sh$/ for manager regex (repository=local)
DEBUG: Using file pattern: /.json$/ for manager regex (repository=local)
DEBUG: Using file pattern: /.tf$/ for manager regex (repository=local)
DEBUG: Using file pattern: /.tfvars$/ for manager regex (repository=local)
DEBUG: Using file pattern: **/tsconfig.json for manager regex (repository=local)
DEBUG: Using file pattern: **/tsconfig.*.json for manager regex (repository=local)
DEBUG: Using file pattern: **/[Dd]ockerfile* for manager regex (repository=local)
DEBUG: Using file pattern: **/[Cc]ontainerfile* for manager regex (repository=local)
DEBUG: Using file pattern: **/*.[Dd]ockerfile* for manager regex (repository=local)
DEBUG: Using file pattern: **/*.[Cc]ontainerfile* for manager regex (repository=local)
DEBUG: Using file pattern: **/tsconfig.json for manager regex (repository=local)
DEBUG: Using file pattern: **/tsconfig.*.json for manager regex (repository=local)
DEBUG: Using file pattern: **/[Dd]ockerfile* for manager regex (repository=local)
DEBUG: Using file pattern: **/[Cc]ontainerfile* for manager regex (repository=local)
DEBUG: Using file pattern: **/*.[Dd]ockerfile* for manager regex (repository=local)
DEBUG: Using file pattern: **/*.[Cc]ontainerfile* for manager regex (repository=local)
DEBUG: Using file pattern: /.ya?ml$/ for manager regex (repository=local)
DEBUG: Using file pattern: /.sh$/ for manager regex (repository=local)
DEBUG: Using file pattern: /.json$/ for manager regex (repository=local)
DEBUG: Using file pattern: /.tf$/ for manager regex (repository=local)
DEBUG: Using file pattern: /.tfvars$/ for manager regex (repository=local)
DEBUG: Matched 5 file(s) for manager dockerfile: Dockerfile.alpine, Dockerfile.multi-stage, Dockerfile.nginx, Dockerfile.node, Dockerfile.python (repository=local)
DEBUG: Matched 1 file(s) for manager renovate-config-presets: renovate.json (repository=local)
DEBUG: Matched 6 file(s) for manager regex: renovate.json, run-renovate-github.sh, run-renovate-local.sh, sec-scanners-config.yaml, test-digest-regex.sh, test-image/renovate-test.yaml (repository=local)
DEBUG: Matched 5 file(s) for manager regex: Dockerfile.alpine, Dockerfile.multi-stage, Dockerfile.nginx, Dockerfile.node, Dockerfile.python (repository=local)
DEBUG: Matched 5 file(s) for manager regex: Dockerfile.alpine, Dockerfile.multi-stage, Dockerfile.nginx, Dockerfile.node, Dockerfile.python (repository=local)
DEBUG: Matched 6 file(s) for manager regex: renovate.json, run-renovate-github.sh, run-renovate-local.sh, sec-scanners-config.yaml, test-digest-regex.sh, test-image/renovate-test.yaml (repository=local)
DEBUG: No dependencies found in file for custom regex manager (repository=local, packageFile=renovate.json)
DEBUG: No dependencies found in file for custom regex manager (repository=local, packageFile=renovate.json)
DEBUG: No dependencies found in file for custom regex manager (repository=local, packageFile=Dockerfile.alpine)
DEBUG: No dependencies found in file for custom regex manager (repository=local, packageFile=Dockerfile.alpine)
DEBUG: No dependencies found in file for custom regex manager (repository=local, packageFile=run-renovate-github.sh)
DEBUG: No dependencies found in file for custom regex manager (repository=local, packageFile=run-renovate-github.sh)
DEBUG: No dependencies found in file for custom regex manager (repository=local, packageFile=Dockerfile.multi-stage)
DEBUG: Found a multistage build stage name: builder (repository=local)
DEBUG: Skipping alias COPY --from (repository=local)
       "image": "builder"
DEBUG: No dependencies found in file for custom regex manager (repository=local, packageFile=Dockerfile.multi-stage)
DEBUG: No dependencies found in file for custom regex manager (repository=local, packageFile=run-renovate-local.sh)
DEBUG: No dependencies found in file for custom regex manager (repository=local, packageFile=run-renovate-local.sh)
DEBUG: No dependencies found in file for custom regex manager (repository=local, packageFile=Dockerfile.nginx)
DEBUG: No dependencies found in file for custom regex manager (repository=local, packageFile=Dockerfile.nginx)
DEBUG: No dependencies found in file for custom regex manager (repository=local, packageFile=Dockerfile.node)
DEBUG: No dependencies found in file for custom regex manager (repository=local, packageFile=Dockerfile.node)
DEBUG: No dependencies found in file for custom regex manager (repository=local, packageFile=Dockerfile.python)
DEBUG: No dependencies found in file for custom regex manager (repository=local, packageFile=Dockerfile.python)
DEBUG: manager extract durations (ms) (repository=local)
       "managers": {"renovate-config-presets": 2, "dockerfile": 10, "regex": 12}
DEBUG: Found dockerfile package files (repository=local)
DEBUG: Found regex package files (repository=local)
DEBUG: Found regex package files (repository=local)
DEBUG: Found 11 package file(s) (repository=local)
 INFO: Dependency extraction complete (repository=local)
       "stats": {
         "managers": {
           "dockerfile": {"fileCount": 5, "depCount": 6},
           "regex": {"fileCount": 6, "depCount": 24}
         },
         "total": {"fileCount": 11, "depCount": 30}
       }
DEBUG: version compatibility regex match (repository=local)
       "versionCompatibility": "^(?<version>[^-]+)(?<compatibility>-.*)?$",
       "currentValue": "18-alpine",
       "packageName": "node",
       "groups": {"version": "18", "compatibility": "-alpine"}
DEBUG: version compatibility regex match (repository=local)
       "versionCompatibility": "^(?<version>[^-]+)(?<compatibility>-.*)?$",
       "currentValue": "18-alpine",
       "packageName": "node",
       "groups": {"version": "18", "compatibility": "-alpine"}
DEBUG: Using queue: host=europe-docker.pkg.dev, concurrency=16 (repository=local)
DEBUG: hostRules: no authentication for hub.docker.com (repository=local)
DEBUG: Using queue: host=hub.docker.com, concurrency=16 (repository=local)
DEBUG: http cache: saving https://europe-docker.pkg.dev/v2/kyma-project/prod/test-infra/signify-secret-rotator/tags/list?n=10000 (etag=undefined, lastModified=undefined) (repository=local)
DEBUG: No registry auth required for https://europe-docker.pkg.dev/v2/kyma-project/prod/test-infra/signify-secret-rotator/tags/list?n=10000 (repository=local)
DEBUG: Using the `tag_last_pushed` to determine the age of a release from Docker Hub. If this is a digest update, it may lead to inconsistent behaviour, showing the digest as newer than it actually is (repository=local)
       "documentationUrl": "https://github.com/renovatebot/renovate/issues/38659"
DEBUG: getLabels(https://index.docker.io, dawidgala881/renovate-test, latest) (repository=local)
DEBUG: getManifestResponse(https://index.docker.io, dawidgala881/renovate-test, latest, getText) (repository=local)
DEBUG: Using queue: host=index.docker.io, concurrency=16 (repository=local)
DEBUG: http cache: saving https://europe-docker.pkg.dev/v2/kyma-project/prod/dashboard-token-proxy/tags/list?n=10000 (etag=undefined, lastModified=undefined) (repository=local)
DEBUG: No registry auth required for https://europe-docker.pkg.dev/v2/kyma-project/prod/dashboard-token-proxy/tags/list?n=10000 (repository=local)
DEBUG: http cache: saving https://europe-docker.pkg.dev/v2/kyma-project/prod/test-infra/rotate-service-account/tags/list?n=10000 (etag=undefined, lastModified=undefined) (repository=local)
DEBUG: No registry auth required for https://europe-docker.pkg.dev/v2/kyma-project/prod/test-infra/rotate-service-account/tags/list?n=10000 (repository=local)
DEBUG: http cache: saving https://europe-docker.pkg.dev/v2/kyma-project/prod/github-webhook-gateway/tags/list?n=10000 (etag=undefined, lastModified=undefined) (repository=local)
DEBUG: No registry auth required for https://europe-docker.pkg.dev/v2/kyma-project/prod/github-webhook-gateway/tags/list?n=10000 (repository=local)
DEBUG: getLabels(https://europe-docker.pkg.dev, kyma-project/prod/test-infra/signify-secret-rotator, v20260211-0e2fad4a) (repository=local)
DEBUG: getManifestResponse(https://europe-docker.pkg.dev, kyma-project/prod/test-infra/signify-secret-rotator, v20260211-0e2fad4a, getText) (repository=local)
DEBUG: http cache: saving https://europe-docker.pkg.dev/v2/kyma-project/prod/test-infra/service-account-keys-cleaner/tags/list?n=10000 (etag=undefined, lastModified=undefined) (repository=local)
DEBUG: No registry auth required for https://europe-docker.pkg.dev/v2/kyma-project/prod/test-infra/service-account-keys-cleaner/tags/list?n=10000 (repository=local)
DEBUG: hostRules: google auth for https://europe-docker.pkg.dev (repository=local)
DEBUG: Could not get Google access token, using no auth (repository=local)
       "registryHost": "https://europe-docker.pkg.dev",
       "dockerRepository": "kyma-project/prod/test-infra/signify-secret-rotator"
(node:9) MetadataLookupWarning: received unexpected error = All promises were rejected code = UNKNOWN
(Use `node --trace-warnings ...` to show where the warning was created)
DEBUG: http cache: saving https://europe-docker.pkg.dev/v2/token?scope=repository%3Akyma-project%2Fprod%2Ftest-infra%2Fsignify-secret-rotator%3Apull (etag=undefined, lastModified=undefined) (repository=local)
DEBUG: getLabels(https://europe-docker.pkg.dev, kyma-project/prod/github-webhook-gateway, v20260211-0ab7a27e) (repository=local)
DEBUG: getManifestResponse(https://europe-docker.pkg.dev, kyma-project/prod/github-webhook-gateway, v20260211-0ab7a27e, getText) (repository=local)
DEBUG: getLabels(https://europe-docker.pkg.dev, kyma-project/prod/dashboard-token-proxy, v20260211-0ab7a27e) (repository=local)
DEBUG: getManifestResponse(https://europe-docker.pkg.dev, kyma-project/prod/dashboard-token-proxy, v20260211-0ab7a27e, getText) (repository=local)
DEBUG: getLabels(https://europe-docker.pkg.dev, kyma-project/prod/test-infra/rotate-service-account, v20260211-0ab7a27e) (repository=local)
DEBUG: getManifestResponse(https://europe-docker.pkg.dev, kyma-project/prod/test-infra/rotate-service-account, v20260211-0ab7a27e, getText) (repository=local)
(node:9) MetadataLookupWarning: received unexpected error = All promises were rejected code = UNKNOWN
DEBUG: getLabels(https://europe-docker.pkg.dev, kyma-project/prod/test-infra/service-account-keys-cleaner, v20260211-0ab7a27e) (repository=local)
DEBUG: getManifestResponse(https://europe-docker.pkg.dev, kyma-project/prod/test-infra/service-account-keys-cleaner, v20260211-0ab7a27e, getText) (repository=local)
(node:9) MetadataLookupWarning: received unexpected error = All promises were rejected code = UNKNOWN
DEBUG: http cache: saving https://europe-docker.pkg.dev/v2/kyma-project/prod/test-infra/signify-secret-rotator/manifests/v20260211-0e2fad4a (etag=undefined, lastModified=undefined) (repository=local)
DEBUG: getManifestResponse(https://europe-docker.pkg.dev, kyma-project/prod/test-infra/signify-secret-rotator, sha256:5be2570b320037ffa2ebc53218b694a543ff70de80f26665639edd09ba1259de, getText) (repository=local)
(node:9) MetadataLookupWarning: received unexpected error = All promises were rejected code = UNKNOWN
(node:9) MetadataLookupWarning: received unexpected error = All promises were rejected code = UNKNOWN
DEBUG: http cache: saving https://europe-docker.pkg.dev/v2/token?scope=repository%3Akyma-project%2Fprod%2Fgithub-webhook-gateway%3Apull (etag=undefined, lastModified=undefined) (repository=local)
(node:9) MetadataLookupWarning: received unexpected error = All promises were rejected code = UNKNOWN
DEBUG: http cache: saving https://europe-docker.pkg.dev/v2/token?scope=repository%3Akyma-project%2Fprod%2Fdashboard-token-proxy%3Apull (etag=undefined, lastModified=undefined) (repository=local)
DEBUG: http cache: saving https://europe-docker.pkg.dev/v2/token?scope=repository%3Akyma-project%2Fprod%2Ftest-infra%2Frotate-service-account%3Apull (etag=undefined, lastModified=undefined) (repository=local)
DEBUG: http cache: saving https://europe-docker.pkg.dev/v2/token?scope=repository%3Akyma-project%2Fprod%2Ftest-infra%2Fservice-account-keys-cleaner%3Apull (etag=undefined, lastModified=undefined) (repository=local)
DEBUG: http cache: saving https://europe-docker.pkg.dev/v2/kyma-project/prod/test-infra/signify-secret-rotator/manifests/sha256:5be2570b320037ffa2ebc53218b694a543ff70de80f26665639edd09ba1259de (etag=undefined, lastModified=undefined) (repository=local)
DEBUG: http cache: saving https://europe-docker.pkg.dev/v2/kyma-project/prod/github-webhook-gateway/manifests/v20260211-0ab7a27e (etag=undefined, lastModified=undefined) (repository=local)
DEBUG: getManifestResponse(https://europe-docker.pkg.dev, kyma-project/prod/github-webhook-gateway, sha256:ea51528d9a15bdb40dffd67e95edddb4a5d41d8b3697858172672c06b08d7b70, getText) (repository=local)
DEBUG: http cache: saving https://europe-docker.pkg.dev/v2/kyma-project/prod/dashboard-token-proxy/manifests/v20260211-0ab7a27e (etag=undefined, lastModified=undefined) (repository=local)
DEBUG: getManifestResponse(https://europe-docker.pkg.dev, kyma-project/prod/dashboard-token-proxy, sha256:1eba9e442dcc51556cb92a8d783b0d014746156a7ec8a98366cf42450957f3a1, getText) (repository=local)
DEBUG: http cache: saving https://europe-docker.pkg.dev/v2/kyma-project/prod/test-infra/rotate-service-account/manifests/v20260211-0ab7a27e (etag=undefined, lastModified=undefined) (repository=local)
DEBUG: getManifestResponse(https://europe-docker.pkg.dev, kyma-project/prod/test-infra/rotate-service-account, sha256:d84f90cc663995688af92ece1c5bb0445645f73858c5aa66c81b383f6a72b886, getText) (repository=local)
(node:9) MetadataLookupWarning: received unexpected error = All promises were rejected code = UNKNOWN
(node:9) MetadataLookupWarning: received unexpected error = All promises were rejected code = UNKNOWN
DEBUG: http cache: saving https://europe-docker.pkg.dev/v2/kyma-project/prod/test-infra/service-account-keys-cleaner/manifests/v20260211-0ab7a27e (etag=undefined, lastModified=undefined) (repository=local)
DEBUG: getManifestResponse(https://europe-docker.pkg.dev, kyma-project/prod/test-infra/service-account-keys-cleaner, sha256:a83f6a043a6c190996a5f515dbe9f21f7169433e96fee55ca6335f2b3a549aaa, getText) (repository=local)
(node:9) MetadataLookupWarning: received unexpected error = All promises were rejected code = UNKNOWN
(node:9) MetadataLookupWarning: received unexpected error = All promises were rejected code = UNKNOWN
DEBUG: Using queue: host=auth.docker.io, concurrency=16 (repository=local)
(node:9) MetadataLookupWarning: received unexpected error = All promises were rejected code = UNKNOWN
DEBUG: http cache: saving https://europe-docker.pkg.dev/v2/kyma-project/prod/github-webhook-gateway/manifests/sha256:ea51528d9a15bdb40dffd67e95edddb4a5d41d8b3697858172672c06b08d7b70 (etag=undefined, lastModified=undefined) (repository=local)
DEBUG: http cache: saving https://europe-docker.pkg.dev/v2/kyma-project/prod/test-infra/rotate-service-account/manifests/sha256:d84f90cc663995688af92ece1c5bb0445645f73858c5aa66c81b383f6a72b886 (etag=undefined, lastModified=undefined) (repository=local)
DEBUG: getLabels(https://index.docker.io, library/alpine, latest) (repository=local)
DEBUG: Docker Hub library image - skipping label lookup (repository=local)
DEBUG: http cache: saving https://europe-docker.pkg.dev/v2/kyma-project/prod/dashboard-token-proxy/manifests/sha256:1eba9e442dcc51556cb92a8d783b0d014746156a7ec8a98366cf42450957f3a1 (etag=undefined, lastModified=undefined) (repository=local)
DEBUG: Skipping alpine@20190228 because major increment 20190225 exceeds maxMajorIncrement 500 (repository=local)
DEBUG: Falling back to npm semver syntax for allowedVersions (repository=local)
       "depName": "alpine"
DEBUG: Falling back to npm semver syntax for allowedVersions (repository=local)
       "depName": "alpine"
(node:9) MetadataLookupWarning: received unexpected error = All promises were rejected code = UNKNOWN
DEBUG: http cache: saving https://europe-docker.pkg.dev/v2/kyma-project/prod/test-infra/service-account-keys-cleaner/manifests/sha256:a83f6a043a6c190996a5f515dbe9f21f7169433e96fee55ca6335f2b3a549aaa (etag=undefined, lastModified=undefined) (repository=local)
(node:9) MetadataLookupWarning: received unexpected error = All promises were rejected code = UNKNOWN
(node:9) MetadataLookupWarning: received unexpected error = All promises were rejected code = UNKNOWN
(node:9) MetadataLookupWarning: received unexpected error = All promises were rejected code = UNKNOWN
DEBUG: found labels in manifest (repository=local)
       "labels": {}
DEBUG: http cache: saving https://auth.docker.io/token?scope=repository%3Adawidgala881%2Frenovate-test%3Apull&service=registry.docker.io (etag=undefined, lastModified=undefined) (repository=local)
DEBUG: found labels in manifest (repository=local)
       "labels": {}
DEBUG: getDigest(https://europe-docker.pkg.dev, kyma-project/prod/test-infra/rotate-service-account, v20260211-e736e6f3) (repository=local)
DEBUG: http cache: saving https://europe-docker.pkg.dev/v2/kyma-project/prod/test-infra/slackmessagesender/tags/list?n=10000 (etag=undefined, lastModified=undefined) (repository=local)
DEBUG: No registry auth required for https://europe-docker.pkg.dev/v2/kyma-project/prod/test-infra/slackmessagesender/tags/list?n=10000 (repository=local)
DEBUG: getManifestResponse(https://europe-docker.pkg.dev, kyma-project/prod/test-infra/rotate-service-account, sha256:69e6edc2d4db9343278e3859ce09fd04d9106444c5b70360c1a75ccd57c07806, head) (repository=local)
DEBUG: found labels in manifest (repository=local)
       "labels": {
         "io.kyma-project.source": "github.com/kyma-project/test-infra/cmd/dashboard-token-proxy"
       }
DEBUG: found labels in manifest (repository=local)
       "labels": {
         "io.kyma-project.source": "github.com/kyma-project/test-infra/cmd/cloud-run/github-webhook-gateway"
       }
DEBUG: found labels in manifest (repository=local)
       "labels": {}
